<?xml version="1.0" encoding="UTF-8"?>
<!-- Generated by org.testng.reporters.JUnitXMLReporter -->
<testsuite ignored="0" hostname="Sampath-Laptop" failures="0" tests="3" name="Submit Order Test" time="22.603" errors="0" timestamp="2024-08-29T22:02:31 IST">
  <testcase classname="SamSelFrame.tests.SubmitOrderTests" name="submitOrder" time="6.168"/>
  <testcase classname="SamSelFrame.tests.SubmitOrderTests" name="submitOrder" time="4.786"/>
  <testcase classname="SamSelFrame.tests.SubmitOrderTests" name="orderHistoryTest" time="0.677"/>
</testsuite> <!-- Submit Order Test -->
