<?xml version="1.0" encoding="UTF-8"?>
<!-- Generated by org.testng.reporters.JUnitXMLReporter -->
<testsuite ignored="0" hostname="Sampath-Laptop" failures="0" tests="2" name="Error Validations Test" time="20.103" errors="0" timestamp="2024-08-30T17:20:33 GMT+05:30">
  <testcase classname="SamSelFrame.tests.ErrorValidationsTest" name="loginErrorValidation" time="1.89"/>
  <testcase classname="SamSelFrame.tests.ErrorValidationsTest" name="productErrorValidation" time="4.315"/>
</testsuite> <!-- Error Validations Test -->
