<?xml version="1.0" encoding="UTF-8"?>
<!-- Generated by org.testng.reporters.JUnitXMLReporter -->
<testsuite ignored="0" hostname="Sampath-Laptop" failures="0" tests="3" name="Submit Order Test" time="32.249" errors="0" timestamp="2024-08-30T17:20:43 GMT+05:30">
  <testcase classname="SamSelFrame.tests.SubmitOrderTests" name="submitOrder" time="7.298"/>
  <testcase classname="SamSelFrame.tests.SubmitOrderTests" name="submitOrder" time="4.763"/>
  <testcase classname="SamSelFrame.tests.SubmitOrderTests" name="orderHistoryTest" time="0.783"/>
</testsuite> <!-- Submit Order Test -->
